<?xml version="1.0" encoding="UTF-8"?>
<!-- Generated by org.testng.reporters.JUnitReportReporter -->
<testsuite hostname="DESKTOP-IH2I929" failures="0" tests="1" name="runners.TestRunner" time="14.743" errors="0" timestamp="2025-03-11T09:35:11 IST" skipped="0">
  <testcase classname="runners.TestRunner" name="runScenario" time="14.743"/>
  <system-out/>
</testsuite> <!-- runners.TestRunner -->
